\BOOKMARK [0][-]{chapter*.3}{List of Figures}{}% 1
\BOOKMARK [0][-]{chapter*.4}{List of Tables}{}% 2
\BOOKMARK [0][-]{chapter*.5}{List of Symbols}{}% 3
\BOOKMARK [0][-]{chapter*.6}{Acknowledgments}{}% 4
\BOOKMARK [0][-]{chapter*.8}{Introduction}{}% 5
\BOOKMARK [0][-]{chapter..1}{Conservation Equations}{}% 6
\BOOKMARK [1][-]{section..1.1}{Single Phase Liquid Euler Equations}{chapter..1}% 7
\BOOKMARK [1][-]{section..1.2}{1-D Radial Solid Conduction Equation}{chapter..1}% 8
\BOOKMARK [0][-]{chapter..2}{Solution Methods}{}% 9
\BOOKMARK [1][-]{section..2.1}{Residual Formulation}{chapter..2}% 10
\BOOKMARK [1][-]{section..2.2}{Jacobian Construction}{chapter..2}% 11
\BOOKMARK [0][-]{chapter..3}{Isokinetic Step Advection}{}% 12
\BOOKMARK [1][-]{section..3.1}{Problem Setup}{chapter..3}% 13
\BOOKMARK [1][-]{section..3.2}{Density Advection and Error}{chapter..3}% 14
\BOOKMARK [1][-]{section..3.3}{Modified Equation Analysis}{chapter..3}% 15
\BOOKMARK [1][-]{section..3.4}{Scaling of Error}{chapter..3}% 16
\BOOKMARK [0][-]{chapter..4}{Shock Tube}{}% 17
\BOOKMARK [1][-]{section..4.1}{Problem Setup}{chapter..4}% 18
\BOOKMARK [1][-]{section..4.2}{Analytical Solution}{chapter..4}% 19
\BOOKMARK [1][-]{section..4.3}{Results and Error}{chapter..4}% 20
\BOOKMARK [1][-]{section..4.4}{Scaling of Error}{chapter..4}% 21
\BOOKMARK [0][-]{chapter..5}{Isokinetic Sine Wave Advection}{}% 22
\BOOKMARK [1][-]{section..5.1}{Problem Setup}{chapter..5}% 23
\BOOKMARK [1][-]{section..5.2}{Code Convergence}{chapter..5}% 24
\BOOKMARK [1][-]{section..5.3}{Richardson Extrapolation}{chapter..5}% 25
\BOOKMARK [1][-]{section..5.4}{Convergence of Error}{chapter..5}% 26
\BOOKMARK [1][-]{section..5.5}{Order of Accuracy}{chapter..5}% 27
\BOOKMARK [0][-]{chapter..6}{Uniform Heating Problem}{}% 28
\BOOKMARK [1][-]{section..6.1}{Problem Setup}{chapter..6}% 29
\BOOKMARK [1][-]{section..6.2}{Steady State Analytical Solution}{chapter..6}% 30
\BOOKMARK [1][-]{section..6.3}{Steady State Results}{chapter..6}% 31
\BOOKMARK [1][-]{section..6.4}{Transient Results}{chapter..6}% 32
\BOOKMARK [0][-]{chapter..7}{Conclusions}{}% 33
\BOOKMARK [0][-]{chapter..7}{Bibliography}{}% 34
